C:\USERS\DELL\DOCUMENTS\GITHUB\MINI_STL\MINI_STL\MINI_STL\DEBUG\源.OBJ
C:\USERS\DELL\DOCUMENTS\GITHUB\MINI_STL\MINI_STL\MINI_STL\DEBUG\VC110.PDB
C:\USERS\DELL\DOCUMENTS\GITHUB\MINI_STL\MINI_STL\MINI_STL\DEBUG\TEST.OBJ
C:\USERS\DELL\DOCUMENTS\GITHUB\MINI_STL\MINI_STL\MINI_STL\DEBUG\TEST_MAIN.OBJ
C:\USERS\DELL\DOCUMENTS\GITHUB\MINI_STL\MINI_STL\MINI_STL\DEBUG\PROFILER.OBJ
C:\USERS\DELL\DOCUMENTS\GITHUB\MINI_STL\MINI_STL\MINI_STL\DEBUG\MAIN.OBJ
C:\USERS\DELL\DOCUMENTS\GITHUB\MINI_STL\MINI_STL\MINI_STL\DEBUG\VECTORTEST.OBJ
C:\USERS\DELL\DOCUMENTS\GITHUB\MINI_STL\MINI_STL\DEBUG\MINI_STL.ILK
C:\USERS\DELL\DOCUMENTS\GITHUB\MINI_STL\MINI_STL\DEBUG\MINI_STL.EXE
C:\USERS\DELL\DOCUMENTS\GITHUB\MINI_STL\MINI_STL\DEBUG\MINI_STL.PDB
C:\Users\Dell\Documents\GitHub\MINI_STL\MINI_STL\MINI_STL\Debug\main.obj
C:\Users\Dell\Documents\GitHub\MINI_STL\MINI_STL\MINI_STL\Debug\Profiler.obj
C:\Users\Dell\Documents\GitHub\MINI_STL\MINI_STL\MINI_STL\Debug\test.obj
C:\Users\Dell\Documents\GitHub\MINI_STL\MINI_STL\MINI_STL\Debug\test_main.obj
C:\Users\Dell\Documents\GitHub\MINI_STL\MINI_STL\MINI_STL\Debug\VectorTest.obj
C:\Users\Dell\Documents\GitHub\MINI_STL\MINI_STL\MINI_STL\Debug\源.obj
C:\Users\Dell\Documents\GitHub\MINI_STL\MINI_STL\MINI_STL\Debug\cl.command.1.tlog
C:\Users\Dell\Documents\GitHub\MINI_STL\MINI_STL\MINI_STL\Debug\CL.read.1.tlog
C:\Users\Dell\Documents\GitHub\MINI_STL\MINI_STL\MINI_STL\Debug\CL.write.1.tlog
C:\Users\Dell\Documents\GitHub\MINI_STL\MINI_STL\MINI_STL\Debug\link-cvtres.read.1.tlog
C:\Users\Dell\Documents\GitHub\MINI_STL\MINI_STL\MINI_STL\Debug\link-cvtres.write.1.tlog
C:\Users\Dell\Documents\GitHub\MINI_STL\MINI_STL\MINI_STL\Debug\link-rc.read.1.tlog
C:\Users\Dell\Documents\GitHub\MINI_STL\MINI_STL\MINI_STL\Debug\link-rc.write.1.tlog
C:\Users\Dell\Documents\GitHub\MINI_STL\MINI_STL\MINI_STL\Debug\link.14912-cvtres.read.1.tlog
C:\Users\Dell\Documents\GitHub\MINI_STL\MINI_STL\MINI_STL\Debug\link.14912-cvtres.write.1.tlog
C:\Users\Dell\Documents\GitHub\MINI_STL\MINI_STL\MINI_STL\Debug\link.14912-rc.read.1.tlog
C:\Users\Dell\Documents\GitHub\MINI_STL\MINI_STL\MINI_STL\Debug\link.14912-rc.write.1.tlog
C:\Users\Dell\Documents\GitHub\MINI_STL\MINI_STL\MINI_STL\Debug\link.14912.read.1.tlog
C:\Users\Dell\Documents\GitHub\MINI_STL\MINI_STL\MINI_STL\Debug\link.14912.write.1.tlog
C:\Users\Dell\Documents\GitHub\MINI_STL\MINI_STL\MINI_STL\Debug\link.24544-cvtres.read.1.tlog
C:\Users\Dell\Documents\GitHub\MINI_STL\MINI_STL\MINI_STL\Debug\link.24544-cvtres.write.1.tlog
C:\Users\Dell\Documents\GitHub\MINI_STL\MINI_STL\MINI_STL\Debug\link.24544-rc.read.1.tlog
C:\Users\Dell\Documents\GitHub\MINI_STL\MINI_STL\MINI_STL\Debug\link.24544-rc.write.1.tlog
C:\Users\Dell\Documents\GitHub\MINI_STL\MINI_STL\MINI_STL\Debug\link.24544.read.1.tlog
C:\Users\Dell\Documents\GitHub\MINI_STL\MINI_STL\MINI_STL\Debug\link.24544.write.1.tlog
C:\Users\Dell\Documents\GitHub\MINI_STL\MINI_STL\MINI_STL\Debug\link.3596-cvtres.read.1.tlog
C:\Users\Dell\Documents\GitHub\MINI_STL\MINI_STL\MINI_STL\Debug\link.3596-cvtres.write.1.tlog
C:\Users\Dell\Documents\GitHub\MINI_STL\MINI_STL\MINI_STL\Debug\link.3596-rc.read.1.tlog
C:\Users\Dell\Documents\GitHub\MINI_STL\MINI_STL\MINI_STL\Debug\link.3596-rc.write.1.tlog
C:\Users\Dell\Documents\GitHub\MINI_STL\MINI_STL\MINI_STL\Debug\link.3596.read.1.tlog
C:\Users\Dell\Documents\GitHub\MINI_STL\MINI_STL\MINI_STL\Debug\link.3596.write.1.tlog
C:\Users\Dell\Documents\GitHub\MINI_STL\MINI_STL\MINI_STL\Debug\link.command.1.tlog
C:\Users\Dell\Documents\GitHub\MINI_STL\MINI_STL\MINI_STL\Debug\link.read.1.tlog
C:\Users\Dell\Documents\GitHub\MINI_STL\MINI_STL\MINI_STL\Debug\link.write.1.tlog
C:\Users\Dell\Documents\GitHub\MINI_STL\MINI_STL\MINI_STL\Debug\vc110.idb
C:\Users\Dell\Documents\GitHub\MINI_STL\MINI_STL\MINI_STL\Debug\vc110.pdb
C:\Users\Dell\Documents\GitHub\MINI_STL\MINI_STL\Debug\MINI_STL.pdb
